09:19:07 **** Incremental Build of configuration Debug for project testAXI ****
make pre-build main-build 
a9-linaro-pre-build-step
' '
'Building target: testAXI.elf'
'Invoking: ARM v7 gcc linker'
arm-none-eabi-gcc -mcpu=cortex-a9 -mfpu=vfpv3 -mfloat-abi=hard -Wl,-build-id=none -specs=Xilinx.spec -Wl,-T -Wl,../src/lscript.ld -L../../standalone_bsp_0/ps7_cortexa9_0/lib -o "testAXI.elf"  ./src/main.o   -Wl,--start-group,-lxil,-lgcc,-lc,--end-group
c:/xilinx/sdk/2019.1/gnu/aarch32/nt/gcc-arm-none-eabi/bin/../lib/gcc/arm-none-eabi/8.2.0/../../../../arm-none-eabi/bin/ld.exe: cannot open output file testAXI.elf: Invalid argument
collect2.exe: error: ld returned 1 exit status
make: *** [makefile:41: testAXI.elf] Error 1

09:19:08 Build Finished (took 921ms)

